<?xml version="1.0" encoding="UTF-8"?>
<robot generator="Robot 6.0.2 (Python 3.11.3 on win32)" generated="20230516 22:01:47.943" rpa="false" schemaversion="3">
<suite id="s1" name="CURSO-ROBOT" source="C:\Projetos\CURSO-ROBOT\CURSO-ROBOT">
<suite id="s1-s1" name="Testes" source="C:\Projetos\CURSO-ROBOT\CURSO-ROBOT\testes">
<suite id="s1-s1-s1" name="Preenchimento Correto" source="C:\Projetos\CURSO-ROBOT\CURSO-ROBOT\testes\preenchimento_correto.robot">
<test id="s1-s1-s1-t1" name="Verificar se ao preencheer os campos do formulario corretamente os dados são inseridos na lista e se um novo card é criado no time esperado" line="10">
<kw name="Dado que eu acesse o Organo" library="setup_teardown" type="SETUP">
<kw name="Open Browser" library="SeleniumLibrary">
<arg>url=http://localhost:3000/</arg>
<doc>Opens a new browser instance to the optional ``url``.</doc>
<msg timestamp="20230516 22:01:48.690" level="INFO">Opening browser 'firefox' to base url 'http://localhost:3000/'.</msg>
<status status="PASS" starttime="20230516 22:01:48.689" endtime="20230516 22:01:54.773"/>
</kw>
<status status="PASS" starttime="20230516 22:01:48.688" endtime="20230516 22:01:54.773"/>
</kw>
<kw name="Dado que preencha os campos do formulario" library="cadastro">
<kw name="First Name" library="FakerLibrary">
<var>${Nome}</var>
<msg timestamp="20230516 22:01:54.776" level="INFO">${Nome} = Lara</msg>
<status status="PASS" starttime="20230516 22:01:54.774" endtime="20230516 22:01:54.776"/>
</kw>
<kw name="Job" library="FakerLibrary">
<var>${Cargo}</var>
<msg timestamp="20230516 22:01:54.778" level="INFO">${Cargo} = Transcritor</msg>
<status status="PASS" starttime="20230516 22:01:54.777" endtime="20230516 22:01:54.779"/>
</kw>
<kw name="Image Url" library="FakerLibrary">
<var>${Img}</var>
<arg>width=100</arg>
<arg>height=100</arg>
<doc>Returns URL to placeholder image
Example: http://placehold.it/640x480</doc>
<msg timestamp="20230516 22:01:54.781" level="INFO">${Img} = https://picsum.photos/100/100</msg>
<status status="PASS" starttime="20230516 22:01:54.780" endtime="20230516 22:01:54.781"/>
</kw>
<kw name="Input Text" library="SeleniumLibrary">
<arg>${CAMPO_NOME}</arg>
<arg>${Nome}</arg>
<doc>Types the given ``text`` into the text field identified by ``locator``.</doc>
<msg timestamp="20230516 22:01:54.783" level="INFO">Typing text 'Lara' into text field 'id:form-nome'.</msg>
<status status="PASS" starttime="20230516 22:01:54.781" endtime="20230516 22:01:54.863"/>
</kw>
<kw name="Input Text" library="SeleniumLibrary">
<arg>${CAMPO_CARGO}</arg>
<arg>${Cargo}</arg>
<doc>Types the given ``text`` into the text field identified by ``locator``.</doc>
<msg timestamp="20230516 22:01:54.864" level="INFO">Typing text 'Transcritor' into text field 'id:form-cargo'.</msg>
<status status="PASS" starttime="20230516 22:01:54.863" endtime="20230516 22:01:54.926"/>
</kw>
<kw name="Input Text" library="SeleniumLibrary">
<arg>${CAMPO_IMAGE}</arg>
<arg>${Img}</arg>
<doc>Types the given ``text`` into the text field identified by ``locator``.</doc>
<msg timestamp="20230516 22:01:54.927" level="INFO">Typing text 'https://picsum.photos/100/100' into text field 'id:form-imagem'.</msg>
<status status="PASS" starttime="20230516 22:01:54.927" endtime="20230516 22:01:55.021"/>
</kw>
<kw name="Click Element" library="SeleniumLibrary">
<arg>${CAMPO_TIME}</arg>
<doc>Click the element identified by ``locator``.</doc>
<msg timestamp="20230516 22:01:55.022" level="INFO">Clicking element 'class:lista-suspensa'.</msg>
<status status="PASS" starttime="20230516 22:01:55.022" endtime="20230516 22:01:55.290"/>
</kw>
<kw name="Click Element" library="SeleniumLibrary">
<arg>${selecionar_times}[0]</arg>
<doc>Click the element identified by ``locator``.</doc>
<msg timestamp="20230516 22:01:55.292" level="INFO">Clicking element '//option[contains(., 'Programação')]'.</msg>
<status status="PASS" starttime="20230516 22:01:55.290" endtime="20230516 22:01:55.520"/>
</kw>
<status status="PASS" starttime="20230516 22:01:54.774" endtime="20230516 22:01:55.521"/>
</kw>
<kw name="E clique no botão criar card" library="cadastro">
<kw name="Click Element" library="SeleniumLibrary">
<arg>${CAMPO_CARD}</arg>
<doc>Click the element identified by ``locator``.</doc>
<msg timestamp="20230516 22:01:55.524" level="INFO">Clicking element 'id:form-botao'.</msg>
<status status="PASS" starttime="20230516 22:01:55.524" endtime="20230516 22:01:55.769"/>
</kw>
<status status="PASS" starttime="20230516 22:01:55.522" endtime="20230516 22:01:55.770"/>
</kw>
<kw name="Então identificar o card no time esperado" library="cadastro">
<kw name="Element Should Be Visible" library="SeleniumLibrary">
<arg>class:colaborador</arg>
<doc>Verifies that the element identified by ``locator`` is visible.</doc>
<msg timestamp="20230516 22:01:55.809" level="INFO">Element 'class:colaborador' is displayed.</msg>
<status status="PASS" starttime="20230516 22:01:55.772" endtime="20230516 22:01:55.810"/>
</kw>
<status status="PASS" starttime="20230516 22:01:55.771" endtime="20230516 22:01:55.811"/>
</kw>
<kw name="Fechar o navegador" library="setup_teardown" type="TEARDOWN">
<kw name="Close Browser" library="SeleniumLibrary">
<doc>Closes the current browser.</doc>
<status status="PASS" starttime="20230516 22:01:55.813" endtime="20230516 22:01:58.703"/>
</kw>
<status status="PASS" starttime="20230516 22:01:55.812" endtime="20230516 22:01:58.703"/>
</kw>
<status status="PASS" starttime="20230516 22:01:48.687" endtime="20230516 22:01:58.705"/>
</test>
<test id="s1-s1-s1-t2" name="Verificar se é possível criar mais de um card se preencher os campos corretamente" line="17">
<kw name="Dado que eu acesse o Organo" library="setup_teardown" type="SETUP">
<kw name="Open Browser" library="SeleniumLibrary">
<arg>url=http://localhost:3000/</arg>
<doc>Opens a new browser instance to the optional ``url``.</doc>
<msg timestamp="20230516 22:01:58.713" level="INFO">Opening browser 'firefox' to base url 'http://localhost:3000/'.</msg>
<status status="PASS" starttime="20230516 22:01:58.711" endtime="20230516 22:02:04.858"/>
</kw>
<status status="PASS" starttime="20230516 22:01:58.711" endtime="20230516 22:02:04.859"/>
</kw>
<kw name="Dado que preencha os campos do formulario" library="cadastro">
<kw name="First Name" library="FakerLibrary">
<var>${Nome}</var>
<msg timestamp="20230516 22:02:04.861" level="INFO">${Nome} = Gabriela</msg>
<status status="PASS" starttime="20230516 22:02:04.860" endtime="20230516 22:02:04.862"/>
</kw>
<kw name="Job" library="FakerLibrary">
<var>${Cargo}</var>
<msg timestamp="20230516 22:02:04.864" level="INFO">${Cargo} = Gerente de riscos em seguros</msg>
<status status="PASS" starttime="20230516 22:02:04.862" endtime="20230516 22:02:04.867"/>
</kw>
<kw name="Image Url" library="FakerLibrary">
<var>${Img}</var>
<arg>width=100</arg>
<arg>height=100</arg>
<doc>Returns URL to placeholder image
Example: http://placehold.it/640x480</doc>
<msg timestamp="20230516 22:02:04.870" level="INFO">${Img} = https://dummyimage.com/100x100</msg>
<status status="PASS" starttime="20230516 22:02:04.867" endtime="20230516 22:02:04.871"/>
</kw>
<kw name="Input Text" library="SeleniumLibrary">
<arg>${CAMPO_NOME}</arg>
<arg>${Nome}</arg>
<doc>Types the given ``text`` into the text field identified by ``locator``.</doc>
<msg timestamp="20230516 22:02:04.875" level="INFO">Typing text 'Gabriela' into text field 'id:form-nome'.</msg>
<status status="PASS" starttime="20230516 22:02:04.872" endtime="20230516 22:02:05.015"/>
</kw>
<kw name="Input Text" library="SeleniumLibrary">
<arg>${CAMPO_CARGO}</arg>
<arg>${Cargo}</arg>
<doc>Types the given ``text`` into the text field identified by ``locator``.</doc>
<msg timestamp="20230516 22:02:05.018" level="INFO">Typing text 'Gerente de riscos em seguros' into text field 'id:form-cargo'.</msg>
<status status="PASS" starttime="20230516 22:02:05.016" endtime="20230516 22:02:05.164"/>
</kw>
<kw name="Input Text" library="SeleniumLibrary">
<arg>${CAMPO_IMAGE}</arg>
<arg>${Img}</arg>
<doc>Types the given ``text`` into the text field identified by ``locator``.</doc>
<msg timestamp="20230516 22:02:05.169" level="INFO">Typing text 'https://dummyimage.com/100x100' into text field 'id:form-imagem'.</msg>
<status status="PASS" starttime="20230516 22:02:05.166" endtime="20230516 22:02:05.303"/>
</kw>
<kw name="Click Element" library="SeleniumLibrary">
<arg>${CAMPO_TIME}</arg>
<doc>Click the element identified by ``locator``.</doc>
<msg timestamp="20230516 22:02:05.304" level="INFO">Clicking element 'class:lista-suspensa'.</msg>
<status status="PASS" starttime="20230516 22:02:05.303" endtime="20230516 22:02:05.585"/>
</kw>
<kw name="Click Element" library="SeleniumLibrary">
<arg>${selecionar_times}[0]</arg>
<doc>Click the element identified by ``locator``.</doc>
<msg timestamp="20230516 22:02:05.591" level="INFO">Clicking element '//option[contains(., 'Programação')]'.</msg>
<status status="PASS" starttime="20230516 22:02:05.587" endtime="20230516 22:02:05.834"/>
</kw>
<status status="PASS" starttime="20230516 22:02:04.860" endtime="20230516 22:02:05.834"/>
</kw>
<kw name="E clique no botão criar card" library="cadastro">
<kw name="Click Element" library="SeleniumLibrary">
<arg>${CAMPO_CARD}</arg>
<doc>Click the element identified by ``locator``.</doc>
<msg timestamp="20230516 22:02:05.843" level="INFO">Clicking element 'id:form-botao'.</msg>
<status status="PASS" starttime="20230516 22:02:05.841" endtime="20230516 22:02:06.092"/>
</kw>
<status status="PASS" starttime="20230516 22:02:05.840" endtime="20230516 22:02:06.094"/>
</kw>
<kw name="Então identificar 3 cards no time esperado" library="cadastro">
<for flavor="IN">
<var>${i}</var>
<value>RANGE</value>
<value>1</value>
<value>3</value>
<iter>
<var name="${i}">RANGE</var>
<kw name="Dado que preencha os campos do formulario" library="cadastro">
<kw name="First Name" library="FakerLibrary">
<var>${Nome}</var>
<msg timestamp="20230516 22:02:06.109" level="INFO">${Nome} = Joana</msg>
<status status="PASS" starttime="20230516 22:02:06.107" endtime="20230516 22:02:06.111"/>
</kw>
<kw name="Job" library="FakerLibrary">
<var>${Cargo}</var>
<msg timestamp="20230516 22:02:06.114" level="INFO">${Cargo} = Ortoptista</msg>
<status status="PASS" starttime="20230516 22:02:06.112" endtime="20230516 22:02:06.115"/>
</kw>
<kw name="Image Url" library="FakerLibrary">
<var>${Img}</var>
<arg>width=100</arg>
<arg>height=100</arg>
<doc>Returns URL to placeholder image
Example: http://placehold.it/640x480</doc>
<msg timestamp="20230516 22:02:06.123" level="INFO">${Img} = https://placekitten.com/100/100</msg>
<status status="PASS" starttime="20230516 22:02:06.117" endtime="20230516 22:02:06.126"/>
</kw>
<kw name="Input Text" library="SeleniumLibrary">
<arg>${CAMPO_NOME}</arg>
<arg>${Nome}</arg>
<doc>Types the given ``text`` into the text field identified by ``locator``.</doc>
<msg timestamp="20230516 22:02:06.133" level="INFO">Typing text 'Joana' into text field 'id:form-nome'.</msg>
<status status="PASS" starttime="20230516 22:02:06.126" endtime="20230516 22:02:06.174"/>
</kw>
<kw name="Input Text" library="SeleniumLibrary">
<arg>${CAMPO_CARGO}</arg>
<arg>${Cargo}</arg>
<doc>Types the given ``text`` into the text field identified by ``locator``.</doc>
<msg timestamp="20230516 22:02:06.175" level="INFO">Typing text 'Ortoptista' into text field 'id:form-cargo'.</msg>
<status status="PASS" starttime="20230516 22:02:06.174" endtime="20230516 22:02:06.214"/>
</kw>
<kw name="Input Text" library="SeleniumLibrary">
<arg>${CAMPO_IMAGE}</arg>
<arg>${Img}</arg>
<doc>Types the given ``text`` into the text field identified by ``locator``.</doc>
<msg timestamp="20230516 22:02:06.214" level="INFO">Typing text 'https://placekitten.com/100/100' into text field 'id:form-imagem'.</msg>
<status status="PASS" starttime="20230516 22:02:06.214" endtime="20230516 22:02:06.300"/>
</kw>
<kw name="Click Element" library="SeleniumLibrary">
<arg>${CAMPO_TIME}</arg>
<doc>Click the element identified by ``locator``.</doc>
<msg timestamp="20230516 22:02:06.301" level="INFO">Clicking element 'class:lista-suspensa'.</msg>
<status status="PASS" starttime="20230516 22:02:06.300" endtime="20230516 22:02:06.566"/>
</kw>
<kw name="Click Element" library="SeleniumLibrary">
<arg>${selecionar_times}[0]</arg>
<doc>Click the element identified by ``locator``.</doc>
<msg timestamp="20230516 22:02:06.573" level="INFO">Clicking element '//option[contains(., 'Programação')]'.</msg>
<status status="PASS" starttime="20230516 22:02:06.567" endtime="20230516 22:02:06.820"/>
</kw>
<status status="PASS" starttime="20230516 22:02:06.106" endtime="20230516 22:02:06.822"/>
</kw>
<kw name="E clique no botão criar card" library="cadastro">
<kw name="Click Element" library="SeleniumLibrary">
<arg>${CAMPO_CARD}</arg>
<doc>Click the element identified by ``locator``.</doc>
<msg timestamp="20230516 22:02:06.827" level="INFO">Clicking element 'id:form-botao'.</msg>
<status status="PASS" starttime="20230516 22:02:06.825" endtime="20230516 22:02:07.067"/>
</kw>
<status status="PASS" starttime="20230516 22:02:06.823" endtime="20230516 22:02:07.068"/>
</kw>
<status status="PASS" starttime="20230516 22:02:06.102" endtime="20230516 22:02:07.068"/>
</iter>
<iter>
<var name="${i}">1</var>
<kw name="Dado que preencha os campos do formulario" library="cadastro">
<kw name="First Name" library="FakerLibrary">
<var>${Nome}</var>
<msg timestamp="20230516 22:02:07.069" level="INFO">${Nome} = Júlia</msg>
<status status="PASS" starttime="20230516 22:02:07.069" endtime="20230516 22:02:07.069"/>
</kw>
<kw name="Job" library="FakerLibrary">
<var>${Cargo}</var>
<msg timestamp="20230516 22:02:07.070" level="INFO">${Cargo} = Jornalista</msg>
<status status="PASS" starttime="20230516 22:02:07.070" endtime="20230516 22:02:07.070"/>
</kw>
<kw name="Image Url" library="FakerLibrary">
<var>${Img}</var>
<arg>width=100</arg>
<arg>height=100</arg>
<doc>Returns URL to placeholder image
Example: http://placehold.it/640x480</doc>
<msg timestamp="20230516 22:02:07.071" level="INFO">${Img} = https://placekitten.com/100/100</msg>
<status status="PASS" starttime="20230516 22:02:07.070" endtime="20230516 22:02:07.071"/>
</kw>
<kw name="Input Text" library="SeleniumLibrary">
<arg>${CAMPO_NOME}</arg>
<arg>${Nome}</arg>
<doc>Types the given ``text`` into the text field identified by ``locator``.</doc>
<msg timestamp="20230516 22:02:07.073" level="INFO">Typing text 'Júlia' into text field 'id:form-nome'.</msg>
<status status="PASS" starttime="20230516 22:02:07.072" endtime="20230516 22:02:07.103"/>
</kw>
<kw name="Input Text" library="SeleniumLibrary">
<arg>${CAMPO_CARGO}</arg>
<arg>${Cargo}</arg>
<doc>Types the given ``text`` into the text field identified by ``locator``.</doc>
<msg timestamp="20230516 22:02:07.104" level="INFO">Typing text 'Jornalista' into text field 'id:form-cargo'.</msg>
<status status="PASS" starttime="20230516 22:02:07.103" endtime="20230516 22:02:07.138"/>
</kw>
<kw name="Input Text" library="SeleniumLibrary">
<arg>${CAMPO_IMAGE}</arg>
<arg>${Img}</arg>
<doc>Types the given ``text`` into the text field identified by ``locator``.</doc>
<msg timestamp="20230516 22:02:07.139" level="INFO">Typing text 'https://placekitten.com/100/100' into text field 'id:form-imagem'.</msg>
<status status="PASS" starttime="20230516 22:02:07.139" endtime="20230516 22:02:07.206"/>
</kw>
<kw name="Click Element" library="SeleniumLibrary">
<arg>${CAMPO_TIME}</arg>
<doc>Click the element identified by ``locator``.</doc>
<msg timestamp="20230516 22:02:07.207" level="INFO">Clicking element 'class:lista-suspensa'.</msg>
<status status="PASS" starttime="20230516 22:02:07.206" endtime="20230516 22:02:07.468"/>
</kw>
<kw name="Click Element" library="SeleniumLibrary">
<arg>${selecionar_times}[0]</arg>
<doc>Click the element identified by ``locator``.</doc>
<msg timestamp="20230516 22:02:07.472" level="INFO">Clicking element '//option[contains(., 'Programação')]'.</msg>
<status status="PASS" starttime="20230516 22:02:07.469" endtime="20230516 22:02:07.712"/>
</kw>
<status status="PASS" starttime="20230516 22:02:07.068" endtime="20230516 22:02:07.713"/>
</kw>
<kw name="E clique no botão criar card" library="cadastro">
<kw name="Click Element" library="SeleniumLibrary">
<arg>${CAMPO_CARD}</arg>
<doc>Click the element identified by ``locator``.</doc>
<msg timestamp="20230516 22:02:07.722" level="INFO">Clicking element 'id:form-botao'.</msg>
<status status="PASS" starttime="20230516 22:02:07.717" endtime="20230516 22:02:07.992"/>
</kw>
<status status="PASS" starttime="20230516 22:02:07.714" endtime="20230516 22:02:07.993"/>
</kw>
<status status="PASS" starttime="20230516 22:02:07.068" endtime="20230516 22:02:07.993"/>
</iter>
<iter>
<var name="${i}">3</var>
<kw name="Dado que preencha os campos do formulario" library="cadastro">
<kw name="First Name" library="FakerLibrary">
<var>${Nome}</var>
<msg timestamp="20230516 22:02:07.994" level="INFO">${Nome} = Mirella</msg>
<status status="PASS" starttime="20230516 22:02:07.993" endtime="20230516 22:02:07.994"/>
</kw>
<kw name="Job" library="FakerLibrary">
<var>${Cargo}</var>
<msg timestamp="20230516 22:02:07.994" level="INFO">${Cargo} = Jogador de bocha</msg>
<status status="PASS" starttime="20230516 22:02:07.994" endtime="20230516 22:02:07.995"/>
</kw>
<kw name="Image Url" library="FakerLibrary">
<var>${Img}</var>
<arg>width=100</arg>
<arg>height=100</arg>
<doc>Returns URL to placeholder image
Example: http://placehold.it/640x480</doc>
<msg timestamp="20230516 22:02:07.995" level="INFO">${Img} = https://picsum.photos/100/100</msg>
<status status="PASS" starttime="20230516 22:02:07.995" endtime="20230516 22:02:07.996"/>
</kw>
<kw name="Input Text" library="SeleniumLibrary">
<arg>${CAMPO_NOME}</arg>
<arg>${Nome}</arg>
<doc>Types the given ``text`` into the text field identified by ``locator``.</doc>
<msg timestamp="20230516 22:02:07.996" level="INFO">Typing text 'Mirella' into text field 'id:form-nome'.</msg>
<status status="PASS" starttime="20230516 22:02:07.996" endtime="20230516 22:02:08.026"/>
</kw>
<kw name="Input Text" library="SeleniumLibrary">
<arg>${CAMPO_CARGO}</arg>
<arg>${Cargo}</arg>
<doc>Types the given ``text`` into the text field identified by ``locator``.</doc>
<msg timestamp="20230516 22:02:08.028" level="INFO">Typing text 'Jogador de bocha' into text field 'id:form-cargo'.</msg>
<status status="PASS" starttime="20230516 22:02:08.027" endtime="20230516 22:02:08.067"/>
</kw>
<kw name="Input Text" library="SeleniumLibrary">
<arg>${CAMPO_IMAGE}</arg>
<arg>${Img}</arg>
<doc>Types the given ``text`` into the text field identified by ``locator``.</doc>
<msg timestamp="20230516 22:02:08.068" level="INFO">Typing text 'https://picsum.photos/100/100' into text field 'id:form-imagem'.</msg>
<status status="PASS" starttime="20230516 22:02:08.067" endtime="20230516 22:02:08.126"/>
</kw>
<kw name="Click Element" library="SeleniumLibrary">
<arg>${CAMPO_TIME}</arg>
<doc>Click the element identified by ``locator``.</doc>
<msg timestamp="20230516 22:02:08.127" level="INFO">Clicking element 'class:lista-suspensa'.</msg>
<status status="PASS" starttime="20230516 22:02:08.127" endtime="20230516 22:02:08.385"/>
</kw>
<kw name="Click Element" library="SeleniumLibrary">
<arg>${selecionar_times}[0]</arg>
<doc>Click the element identified by ``locator``.</doc>
<msg timestamp="20230516 22:02:08.389" level="INFO">Clicking element '//option[contains(., 'Programação')]'.</msg>
<status status="PASS" starttime="20230516 22:02:08.386" endtime="20230516 22:02:08.631"/>
</kw>
<status status="PASS" starttime="20230516 22:02:07.993" endtime="20230516 22:02:08.633"/>
</kw>
<kw name="E clique no botão criar card" library="cadastro">
<kw name="Click Element" library="SeleniumLibrary">
<arg>${CAMPO_CARD}</arg>
<doc>Click the element identified by ``locator``.</doc>
<msg timestamp="20230516 22:02:08.639" level="INFO">Clicking element 'id:form-botao'.</msg>
<status status="PASS" starttime="20230516 22:02:08.636" endtime="20230516 22:02:08.895"/>
</kw>
<status status="PASS" starttime="20230516 22:02:08.635" endtime="20230516 22:02:08.896"/>
</kw>
<status status="PASS" starttime="20230516 22:02:07.993" endtime="20230516 22:02:08.896"/>
</iter>
<status status="PASS" starttime="20230516 22:02:06.099" endtime="20230516 22:02:08.896"/>
</for>
<kw name="Sleep" library="BuiltIn">
<arg>10s</arg>
<doc>Pauses the test executed for the given time.</doc>
<msg timestamp="20230516 22:02:18.900" level="INFO">Slept 10 seconds</msg>
<status status="PASS" starttime="20230516 22:02:08.897" endtime="20230516 22:02:18.900"/>
</kw>
<status status="PASS" starttime="20230516 22:02:06.096" endtime="20230516 22:02:18.901"/>
</kw>
<kw name="Fechar o navegador" library="setup_teardown" type="TEARDOWN">
<kw name="Close Browser" library="SeleniumLibrary">
<doc>Closes the current browser.</doc>
<status status="PASS" starttime="20230516 22:02:18.904" endtime="20230516 22:02:21.693"/>
</kw>
<status status="PASS" starttime="20230516 22:02:18.903" endtime="20230516 22:02:21.694"/>
</kw>
<status status="PASS" starttime="20230516 22:01:58.708" endtime="20230516 22:02:21.695"/>
</test>
<test id="s1-s1-s1-t3" name="Verificar se é possível criar um card para cada time disponivel se preencher os campos corretamente" line="22">
<kw name="Dado que eu acesse o Organo" library="setup_teardown" type="SETUP">
<kw name="Open Browser" library="SeleniumLibrary">
<arg>url=http://localhost:3000/</arg>
<doc>Opens a new browser instance to the optional ``url``.</doc>
<msg timestamp="20230516 22:02:21.707" level="INFO">Opening browser 'firefox' to base url 'http://localhost:3000/'.</msg>
<status status="PASS" starttime="20230516 22:02:21.706" endtime="20230516 22:02:27.701"/>
</kw>
<status status="PASS" starttime="20230516 22:02:21.704" endtime="20230516 22:02:27.701"/>
</kw>
<kw name="Dado que preencha os campos do formulario" library="cadastro">
<kw name="First Name" library="FakerLibrary">
<var>${Nome}</var>
<msg timestamp="20230516 22:02:27.707" level="INFO">${Nome} = Pietro</msg>
<status status="PASS" starttime="20230516 22:02:27.706" endtime="20230516 22:02:27.708"/>
</kw>
<kw name="Job" library="FakerLibrary">
<var>${Cargo}</var>
<msg timestamp="20230516 22:02:27.710" level="INFO">${Cargo} = Funileiro</msg>
<status status="PASS" starttime="20230516 22:02:27.708" endtime="20230516 22:02:27.711"/>
</kw>
<kw name="Image Url" library="FakerLibrary">
<var>${Img}</var>
<arg>width=100</arg>
<arg>height=100</arg>
<doc>Returns URL to placeholder image
Example: http://placehold.it/640x480</doc>
<msg timestamp="20230516 22:02:27.713" level="INFO">${Img} = https://dummyimage.com/100x100</msg>
<status status="PASS" starttime="20230516 22:02:27.711" endtime="20230516 22:02:27.714"/>
</kw>
<kw name="Input Text" library="SeleniumLibrary">
<arg>${CAMPO_NOME}</arg>
<arg>${Nome}</arg>
<doc>Types the given ``text`` into the text field identified by ``locator``.</doc>
<msg timestamp="20230516 22:02:27.718" level="INFO">Typing text 'Pietro' into text field 'id:form-nome'.</msg>
<status status="PASS" starttime="20230516 22:02:27.714" endtime="20230516 22:02:27.875"/>
</kw>
<kw name="Input Text" library="SeleniumLibrary">
<arg>${CAMPO_CARGO}</arg>
<arg>${Cargo}</arg>
<doc>Types the given ``text`` into the text field identified by ``locator``.</doc>
<msg timestamp="20230516 22:02:27.876" level="INFO">Typing text 'Funileiro' into text field 'id:form-cargo'.</msg>
<status status="PASS" starttime="20230516 22:02:27.876" endtime="20230516 22:02:27.963"/>
</kw>
<kw name="Input Text" library="SeleniumLibrary">
<arg>${CAMPO_IMAGE}</arg>
<arg>${Img}</arg>
<doc>Types the given ``text`` into the text field identified by ``locator``.</doc>
<msg timestamp="20230516 22:02:27.964" level="INFO">Typing text 'https://dummyimage.com/100x100' into text field 'id:form-imagem'.</msg>
<status status="PASS" starttime="20230516 22:02:27.963" endtime="20230516 22:02:28.099"/>
</kw>
<kw name="Click Element" library="SeleniumLibrary">
<arg>${CAMPO_TIME}</arg>
<doc>Click the element identified by ``locator``.</doc>
<msg timestamp="20230516 22:02:28.101" level="INFO">Clicking element 'class:lista-suspensa'.</msg>
<status status="PASS" starttime="20230516 22:02:28.100" endtime="20230516 22:02:28.391"/>
</kw>
<kw name="Click Element" library="SeleniumLibrary">
<arg>${selecionar_times}[0]</arg>
<doc>Click the element identified by ``locator``.</doc>
<msg timestamp="20230516 22:02:28.392" level="INFO">Clicking element '//option[contains(., 'Programação')]'.</msg>
<status status="PASS" starttime="20230516 22:02:28.391" endtime="20230516 22:02:28.624"/>
</kw>
<status status="PASS" starttime="20230516 22:02:27.705" endtime="20230516 22:02:28.624"/>
</kw>
<kw name="Então criar e identificar um card em cada time disponível" library="cadastro">
<for flavor="IN ENUMERATE">
<var>${indice}</var>
<var>${time}</var>
<value>@{selecionar_times}</value>
<iter>
<var name="${indice}">0</var>
<var name="${time}">//option[contains(., 'Programação')]</var>
<kw name="Dado que preencha os campos do formulario" library="cadastro">
<kw name="First Name" library="FakerLibrary">
<var>${Nome}</var>
<msg timestamp="20230516 22:02:28.627" level="INFO">${Nome} = Larissa</msg>
<status status="PASS" starttime="20230516 22:02:28.626" endtime="20230516 22:02:28.628"/>
</kw>
<kw name="Job" library="FakerLibrary">
<var>${Cargo}</var>
<msg timestamp="20230516 22:02:28.629" level="INFO">${Cargo} = Cobaia Médica</msg>
<status status="PASS" starttime="20230516 22:02:28.628" endtime="20230516 22:02:28.629"/>
</kw>
<kw name="Image Url" library="FakerLibrary">
<var>${Img}</var>
<arg>width=100</arg>
<arg>height=100</arg>
<doc>Returns URL to placeholder image
Example: http://placehold.it/640x480</doc>
<msg timestamp="20230516 22:02:28.632" level="INFO">${Img} = https://picsum.photos/100/100</msg>
<status status="PASS" starttime="20230516 22:02:28.629" endtime="20230516 22:02:28.633"/>
</kw>
<kw name="Input Text" library="SeleniumLibrary">
<arg>${CAMPO_NOME}</arg>
<arg>${Nome}</arg>
<doc>Types the given ``text`` into the text field identified by ``locator``.</doc>
<msg timestamp="20230516 22:02:28.634" level="INFO">Typing text 'Larissa' into text field 'id:form-nome'.</msg>
<status status="PASS" starttime="20230516 22:02:28.633" endtime="20230516 22:02:28.688"/>
</kw>
<kw name="Input Text" library="SeleniumLibrary">
<arg>${CAMPO_CARGO}</arg>
<arg>${Cargo}</arg>
<doc>Types the given ``text`` into the text field identified by ``locator``.</doc>
<msg timestamp="20230516 22:02:28.689" level="INFO">Typing text 'Cobaia Médica' into text field 'id:form-cargo'.</msg>
<status status="PASS" starttime="20230516 22:02:28.688" endtime="20230516 22:02:28.754"/>
</kw>
<kw name="Input Text" library="SeleniumLibrary">
<arg>${CAMPO_IMAGE}</arg>
<arg>${Img}</arg>
<doc>Types the given ``text`` into the text field identified by ``locator``.</doc>
<msg timestamp="20230516 22:02:28.754" level="INFO">Typing text 'https://picsum.photos/100/100' into text field 'id:form-imagem'.</msg>
<status status="PASS" starttime="20230516 22:02:28.754" endtime="20230516 22:02:28.857"/>
</kw>
<kw name="Click Element" library="SeleniumLibrary">
<arg>${CAMPO_TIME}</arg>
<doc>Click the element identified by ``locator``.</doc>
<msg timestamp="20230516 22:02:28.859" level="INFO">Clicking element 'class:lista-suspensa'.</msg>
<status status="PASS" starttime="20230516 22:02:28.858" endtime="20230516 22:02:29.131"/>
</kw>
<kw name="Click Element" library="SeleniumLibrary">
<arg>${selecionar_times}[0]</arg>
<doc>Click the element identified by ``locator``.</doc>
<msg timestamp="20230516 22:02:29.137" level="INFO">Clicking element '//option[contains(., 'Programação')]'.</msg>
<status status="PASS" starttime="20230516 22:02:29.133" endtime="20230516 22:02:29.388"/>
</kw>
<status status="PASS" starttime="20230516 22:02:28.626" endtime="20230516 22:02:29.389"/>
</kw>
<kw name="Click Element" library="SeleniumLibrary">
<arg>${time}</arg>
<doc>Click the element identified by ``locator``.</doc>
<msg timestamp="20230516 22:02:29.391" level="INFO">Clicking element '//option[contains(., 'Programação')]'.</msg>
<status status="PASS" starttime="20230516 22:02:29.389" endtime="20230516 22:02:29.636"/>
</kw>
<kw name="E clique no botão criar card" library="cadastro">
<kw name="Click Element" library="SeleniumLibrary">
<arg>${CAMPO_CARD}</arg>
<doc>Click the element identified by ``locator``.</doc>
<msg timestamp="20230516 22:02:29.639" level="INFO">Clicking element 'id:form-botao'.</msg>
<status status="PASS" starttime="20230516 22:02:29.637" endtime="20230516 22:02:29.902"/>
</kw>
<status status="PASS" starttime="20230516 22:02:29.636" endtime="20230516 22:02:29.903"/>
</kw>
<status status="PASS" starttime="20230516 22:02:28.626" endtime="20230516 22:02:29.903"/>
</iter>
<iter>
<var name="${indice}">1</var>
<var name="${time}">//option[contains(., 'Front-End')]</var>
<kw name="Dado que preencha os campos do formulario" library="cadastro">
<kw name="First Name" library="FakerLibrary">
<var>${Nome}</var>
<msg timestamp="20230516 22:02:29.906" level="INFO">${Nome} = Luiz Fernando</msg>
<status status="PASS" starttime="20230516 22:02:29.905" endtime="20230516 22:02:29.907"/>
</kw>
<kw name="Job" library="FakerLibrary">
<var>${Cargo}</var>
<msg timestamp="20230516 22:02:29.909" level="INFO">${Cargo} = Arranjador musical</msg>
<status status="PASS" starttime="20230516 22:02:29.908" endtime="20230516 22:02:29.910"/>
</kw>
<kw name="Image Url" library="FakerLibrary">
<var>${Img}</var>
<arg>width=100</arg>
<arg>height=100</arg>
<doc>Returns URL to placeholder image
Example: http://placehold.it/640x480</doc>
<msg timestamp="20230516 22:02:29.914" level="INFO">${Img} = https://placekitten.com/100/100</msg>
<status status="PASS" starttime="20230516 22:02:29.910" endtime="20230516 22:02:29.917"/>
</kw>
<kw name="Input Text" library="SeleniumLibrary">
<arg>${CAMPO_NOME}</arg>
<arg>${Nome}</arg>
<doc>Types the given ``text`` into the text field identified by ``locator``.</doc>
<msg timestamp="20230516 22:02:29.921" level="INFO">Typing text 'Luiz Fernando' into text field 'id:form-nome'.</msg>
<status status="PASS" starttime="20230516 22:02:29.918" endtime="20230516 22:02:29.970"/>
</kw>
<kw name="Input Text" library="SeleniumLibrary">
<arg>${CAMPO_CARGO}</arg>
<arg>${Cargo}</arg>
<doc>Types the given ``text`` into the text field identified by ``locator``.</doc>
<msg timestamp="20230516 22:02:29.972" level="INFO">Typing text 'Arranjador musical' into text field 'id:form-cargo'.</msg>
<status status="PASS" starttime="20230516 22:02:29.970" endtime="20230516 22:02:30.029"/>
</kw>
<kw name="Input Text" library="SeleniumLibrary">
<arg>${CAMPO_IMAGE}</arg>
<arg>${Img}</arg>
<doc>Types the given ``text`` into the text field identified by ``locator``.</doc>
<msg timestamp="20230516 22:02:30.030" level="INFO">Typing text 'https://placekitten.com/100/100' into text field 'id:form-imagem'.</msg>
<status status="PASS" starttime="20230516 22:02:30.029" endtime="20230516 22:02:30.108"/>
</kw>
<kw name="Click Element" library="SeleniumLibrary">
<arg>${CAMPO_TIME}</arg>
<doc>Click the element identified by ``locator``.</doc>
<msg timestamp="20230516 22:02:30.109" level="INFO">Clicking element 'class:lista-suspensa'.</msg>
<status status="PASS" starttime="20230516 22:02:30.108" endtime="20230516 22:02:30.381"/>
</kw>
<kw name="Click Element" library="SeleniumLibrary">
<arg>${selecionar_times}[0]</arg>
<doc>Click the element identified by ``locator``.</doc>
<msg timestamp="20230516 22:02:30.386" level="INFO">Clicking element '//option[contains(., 'Programação')]'.</msg>
<status status="PASS" starttime="20230516 22:02:30.383" endtime="20230516 22:02:30.630"/>
</kw>
<status status="PASS" starttime="20230516 22:02:29.904" endtime="20230516 22:02:30.632"/>
</kw>
<kw name="Click Element" library="SeleniumLibrary">
<arg>${time}</arg>
<doc>Click the element identified by ``locator``.</doc>
<msg timestamp="20230516 22:02:30.637" level="INFO">Clicking element '//option[contains(., 'Front-End')]'.</msg>
<status status="PASS" starttime="20230516 22:02:30.635" endtime="20230516 22:02:30.894"/>
</kw>
<kw name="E clique no botão criar card" library="cadastro">
<kw name="Click Element" library="SeleniumLibrary">
<arg>${CAMPO_CARD}</arg>
<doc>Click the element identified by ``locator``.</doc>
<msg timestamp="20230516 22:02:30.902" level="INFO">Clicking element 'id:form-botao'.</msg>
<status status="PASS" starttime="20230516 22:02:30.897" endtime="20230516 22:02:31.172"/>
</kw>
<status status="PASS" starttime="20230516 22:02:30.894" endtime="20230516 22:02:31.173"/>
</kw>
<status status="PASS" starttime="20230516 22:02:29.904" endtime="20230516 22:02:31.173"/>
</iter>
<iter>
<var name="${indice}">2</var>
<var name="${time}">//option[contains(., 'Data Science')]</var>
<kw name="Dado que preencha os campos do formulario" library="cadastro">
<kw name="First Name" library="FakerLibrary">
<var>${Nome}</var>
<msg timestamp="20230516 22:02:31.177" level="INFO">${Nome} = Gabriel</msg>
<status status="PASS" starttime="20230516 22:02:31.176" endtime="20230516 22:02:31.177"/>
</kw>
<kw name="Job" library="FakerLibrary">
<var>${Cargo}</var>
<msg timestamp="20230516 22:02:31.180" level="INFO">${Cargo} = Corretor de imóveis</msg>
<status status="PASS" starttime="20230516 22:02:31.178" endtime="20230516 22:02:31.183"/>
</kw>
<kw name="Image Url" library="FakerLibrary">
<var>${Img}</var>
<arg>width=100</arg>
<arg>height=100</arg>
<doc>Returns URL to placeholder image
Example: http://placehold.it/640x480</doc>
<msg timestamp="20230516 22:02:31.188" level="INFO">${Img} = https://dummyimage.com/100x100</msg>
<status status="PASS" starttime="20230516 22:02:31.184" endtime="20230516 22:02:31.189"/>
</kw>
<kw name="Input Text" library="SeleniumLibrary">
<arg>${CAMPO_NOME}</arg>
<arg>${Nome}</arg>
<doc>Types the given ``text`` into the text field identified by ``locator``.</doc>
<msg timestamp="20230516 22:02:31.193" level="INFO">Typing text 'Gabriel' into text field 'id:form-nome'.</msg>
<status status="PASS" starttime="20230516 22:02:31.190" endtime="20230516 22:02:31.251"/>
</kw>
<kw name="Input Text" library="SeleniumLibrary">
<arg>${CAMPO_CARGO}</arg>
<arg>${Cargo}</arg>
<doc>Types the given ``text`` into the text field identified by ``locator``.</doc>
<msg timestamp="20230516 22:02:31.252" level="INFO">Typing text 'Corretor de imóveis' into text field 'id:form-cargo'.</msg>
<status status="PASS" starttime="20230516 22:02:31.251" endtime="20230516 22:02:31.297"/>
</kw>
<kw name="Input Text" library="SeleniumLibrary">
<arg>${CAMPO_IMAGE}</arg>
<arg>${Img}</arg>
<doc>Types the given ``text`` into the text field identified by ``locator``.</doc>
<msg timestamp="20230516 22:02:31.299" level="INFO">Typing text 'https://dummyimage.com/100x100' into text field 'id:form-imagem'.</msg>
<status status="PASS" starttime="20230516 22:02:31.297" endtime="20230516 22:02:31.358"/>
</kw>
<kw name="Click Element" library="SeleniumLibrary">
<arg>${CAMPO_TIME}</arg>
<doc>Click the element identified by ``locator``.</doc>
<msg timestamp="20230516 22:02:31.359" level="INFO">Clicking element 'class:lista-suspensa'.</msg>
<status status="PASS" starttime="20230516 22:02:31.358" endtime="20230516 22:02:31.617"/>
</kw>
<kw name="Click Element" library="SeleniumLibrary">
<arg>${selecionar_times}[0]</arg>
<doc>Click the element identified by ``locator``.</doc>
<msg timestamp="20230516 22:02:31.621" level="INFO">Clicking element '//option[contains(., 'Programação')]'.</msg>
<status status="PASS" starttime="20230516 22:02:31.618" endtime="20230516 22:02:31.861"/>
</kw>
<status status="PASS" starttime="20230516 22:02:31.174" endtime="20230516 22:02:31.861"/>
</kw>
<kw name="Click Element" library="SeleniumLibrary">
<arg>${time}</arg>
<doc>Click the element identified by ``locator``.</doc>
<msg timestamp="20230516 22:02:31.864" level="INFO">Clicking element '//option[contains(., 'Data Science')]'.</msg>
<status status="PASS" starttime="20230516 22:02:31.862" endtime="20230516 22:02:32.102"/>
</kw>
<kw name="E clique no botão criar card" library="cadastro">
<kw name="Click Element" library="SeleniumLibrary">
<arg>${CAMPO_CARD}</arg>
<doc>Click the element identified by ``locator``.</doc>
<msg timestamp="20230516 22:02:32.106" level="INFO">Clicking element 'id:form-botao'.</msg>
<status status="PASS" starttime="20230516 22:02:32.104" endtime="20230516 22:02:32.363"/>
</kw>
<status status="PASS" starttime="20230516 22:02:32.103" endtime="20230516 22:02:32.364"/>
</kw>
<status status="PASS" starttime="20230516 22:02:31.174" endtime="20230516 22:02:32.364"/>
</iter>
<iter>
<var name="${indice}">3</var>
<var name="${time}">//option[contains(., 'Devops')]</var>
<kw name="Dado que preencha os campos do formulario" library="cadastro">
<kw name="First Name" library="FakerLibrary">
<var>${Nome}</var>
<msg timestamp="20230516 22:02:32.367" level="INFO">${Nome} = Pietro</msg>
<status status="PASS" starttime="20230516 22:02:32.366" endtime="20230516 22:02:32.367"/>
</kw>
<kw name="Job" library="FakerLibrary">
<var>${Cargo}</var>
<msg timestamp="20230516 22:02:32.367" level="INFO">${Cargo} = Agricultor</msg>
<status status="PASS" starttime="20230516 22:02:32.367" endtime="20230516 22:02:32.368"/>
</kw>
<kw name="Image Url" library="FakerLibrary">
<var>${Img}</var>
<arg>width=100</arg>
<arg>height=100</arg>
<doc>Returns URL to placeholder image
Example: http://placehold.it/640x480</doc>
<msg timestamp="20230516 22:02:32.369" level="INFO">${Img} = https://placekitten.com/100/100</msg>
<status status="PASS" starttime="20230516 22:02:32.368" endtime="20230516 22:02:32.369"/>
</kw>
<kw name="Input Text" library="SeleniumLibrary">
<arg>${CAMPO_NOME}</arg>
<arg>${Nome}</arg>
<doc>Types the given ``text`` into the text field identified by ``locator``.</doc>
<msg timestamp="20230516 22:02:32.371" level="INFO">Typing text 'Pietro' into text field 'id:form-nome'.</msg>
<status status="PASS" starttime="20230516 22:02:32.370" endtime="20230516 22:02:32.396"/>
</kw>
<kw name="Input Text" library="SeleniumLibrary">
<arg>${CAMPO_CARGO}</arg>
<arg>${Cargo}</arg>
<doc>Types the given ``text`` into the text field identified by ``locator``.</doc>
<msg timestamp="20230516 22:02:32.397" level="INFO">Typing text 'Agricultor' into text field 'id:form-cargo'.</msg>
<status status="PASS" starttime="20230516 22:02:32.396" endtime="20230516 22:02:32.431"/>
</kw>
<kw name="Input Text" library="SeleniumLibrary">
<arg>${CAMPO_IMAGE}</arg>
<arg>${Img}</arg>
<doc>Types the given ``text`` into the text field identified by ``locator``.</doc>
<msg timestamp="20230516 22:02:32.434" level="INFO">Typing text 'https://placekitten.com/100/100' into text field 'id:form-imagem'.</msg>
<status status="PASS" starttime="20230516 22:02:32.433" endtime="20230516 22:02:32.498"/>
</kw>
<kw name="Click Element" library="SeleniumLibrary">
<arg>${CAMPO_TIME}</arg>
<doc>Click the element identified by ``locator``.</doc>
<msg timestamp="20230516 22:02:32.500" level="INFO">Clicking element 'class:lista-suspensa'.</msg>
<status status="PASS" starttime="20230516 22:02:32.499" endtime="20230516 22:02:32.761"/>
</kw>
<kw name="Click Element" library="SeleniumLibrary">
<arg>${selecionar_times}[0]</arg>
<doc>Click the element identified by ``locator``.</doc>
<msg timestamp="20230516 22:02:32.764" level="INFO">Clicking element '//option[contains(., 'Programação')]'.</msg>
<status status="PASS" starttime="20230516 22:02:32.761" endtime="20230516 22:02:32.989"/>
</kw>
<status status="PASS" starttime="20230516 22:02:32.366" endtime="20230516 22:02:32.990"/>
</kw>
<kw name="Click Element" library="SeleniumLibrary">
<arg>${time}</arg>
<doc>Click the element identified by ``locator``.</doc>
<msg timestamp="20230516 22:02:32.993" level="INFO">Clicking element '//option[contains(., 'Devops')]'.</msg>
<status status="PASS" starttime="20230516 22:02:32.991" endtime="20230516 22:02:33.235"/>
</kw>
<kw name="E clique no botão criar card" library="cadastro">
<kw name="Click Element" library="SeleniumLibrary">
<arg>${CAMPO_CARD}</arg>
<doc>Click the element identified by ``locator``.</doc>
<msg timestamp="20230516 22:02:33.241" level="INFO">Clicking element 'id:form-botao'.</msg>
<status status="PASS" starttime="20230516 22:02:33.238" endtime="20230516 22:02:33.487"/>
</kw>
<status status="PASS" starttime="20230516 22:02:33.236" endtime="20230516 22:02:33.488"/>
</kw>
<status status="PASS" starttime="20230516 22:02:32.364" endtime="20230516 22:02:33.488"/>
</iter>
<iter>
<var name="${indice}">4</var>
<var name="${time}">//option[contains(., 'UX e Design')]</var>
<kw name="Dado que preencha os campos do formulario" library="cadastro">
<kw name="First Name" library="FakerLibrary">
<var>${Nome}</var>
<msg timestamp="20230516 22:02:33.493" level="INFO">${Nome} = Bruno</msg>
<status status="PASS" starttime="20230516 22:02:33.492" endtime="20230516 22:02:33.494"/>
</kw>
<kw name="Job" library="FakerLibrary">
<var>${Cargo}</var>
<msg timestamp="20230516 22:02:33.497" level="INFO">${Cargo} = Surfista</msg>
<status status="PASS" starttime="20230516 22:02:33.494" endtime="20230516 22:02:33.502"/>
</kw>
<kw name="Image Url" library="FakerLibrary">
<var>${Img}</var>
<arg>width=100</arg>
<arg>height=100</arg>
<doc>Returns URL to placeholder image
Example: http://placehold.it/640x480</doc>
<msg timestamp="20230516 22:02:33.509" level="INFO">${Img} = https://placekitten.com/100/100</msg>
<status status="PASS" starttime="20230516 22:02:33.503" endtime="20230516 22:02:33.512"/>
</kw>
<kw name="Input Text" library="SeleniumLibrary">
<arg>${CAMPO_NOME}</arg>
<arg>${Nome}</arg>
<doc>Types the given ``text`` into the text field identified by ``locator``.</doc>
<msg timestamp="20230516 22:02:33.518" level="INFO">Typing text 'Bruno' into text field 'id:form-nome'.</msg>
<status status="PASS" starttime="20230516 22:02:33.513" endtime="20230516 22:02:33.576"/>
</kw>
<kw name="Input Text" library="SeleniumLibrary">
<arg>${CAMPO_CARGO}</arg>
<arg>${Cargo}</arg>
<doc>Types the given ``text`` into the text field identified by ``locator``.</doc>
<msg timestamp="20230516 22:02:33.578" level="INFO">Typing text 'Surfista' into text field 'id:form-cargo'.</msg>
<status status="PASS" starttime="20230516 22:02:33.577" endtime="20230516 22:02:33.609"/>
</kw>
<kw name="Input Text" library="SeleniumLibrary">
<arg>${CAMPO_IMAGE}</arg>
<arg>${Img}</arg>
<doc>Types the given ``text`` into the text field identified by ``locator``.</doc>
<msg timestamp="20230516 22:02:33.610" level="INFO">Typing text 'https://placekitten.com/100/100' into text field 'id:form-imagem'.</msg>
<status status="PASS" starttime="20230516 22:02:33.609" endtime="20230516 22:02:33.676"/>
</kw>
<kw name="Click Element" library="SeleniumLibrary">
<arg>${CAMPO_TIME}</arg>
<doc>Click the element identified by ``locator``.</doc>
<msg timestamp="20230516 22:02:33.676" level="INFO">Clicking element 'class:lista-suspensa'.</msg>
<status status="PASS" starttime="20230516 22:02:33.676" endtime="20230516 22:02:33.934"/>
</kw>
<kw name="Click Element" library="SeleniumLibrary">
<arg>${selecionar_times}[0]</arg>
<doc>Click the element identified by ``locator``.</doc>
<msg timestamp="20230516 22:02:33.938" level="INFO">Clicking element '//option[contains(., 'Programação')]'.</msg>
<status status="PASS" starttime="20230516 22:02:33.934" endtime="20230516 22:02:34.184"/>
</kw>
<status status="PASS" starttime="20230516 22:02:33.490" endtime="20230516 22:02:34.186"/>
</kw>
<kw name="Click Element" library="SeleniumLibrary">
<arg>${time}</arg>
<doc>Click the element identified by ``locator``.</doc>
<msg timestamp="20230516 22:02:34.190" level="INFO">Clicking element '//option[contains(., 'UX e Design')]'.</msg>
<status status="PASS" starttime="20230516 22:02:34.188" endtime="20230516 22:02:34.433"/>
</kw>
<kw name="E clique no botão criar card" library="cadastro">
<kw name="Click Element" library="SeleniumLibrary">
<arg>${CAMPO_CARD}</arg>
<doc>Click the element identified by ``locator``.</doc>
<msg timestamp="20230516 22:02:34.439" level="INFO">Clicking element 'id:form-botao'.</msg>
<status status="PASS" starttime="20230516 22:02:34.437" endtime="20230516 22:02:34.688"/>
</kw>
<status status="PASS" starttime="20230516 22:02:34.434" endtime="20230516 22:02:34.689"/>
</kw>
<status status="PASS" starttime="20230516 22:02:33.489" endtime="20230516 22:02:34.689"/>
</iter>
<iter>
<var name="${indice}">5</var>
<var name="${time}">//option[contains(., 'Mobile')]</var>
<kw name="Dado que preencha os campos do formulario" library="cadastro">
<kw name="First Name" library="FakerLibrary">
<var>${Nome}</var>
<msg timestamp="20230516 22:02:34.694" level="INFO">${Nome} = Vitor</msg>
<status status="PASS" starttime="20230516 22:02:34.693" endtime="20230516 22:02:34.695"/>
</kw>
<kw name="Job" library="FakerLibrary">
<var>${Cargo}</var>
<msg timestamp="20230516 22:02:34.700" level="INFO">${Cargo} = Dentista</msg>
<status status="PASS" starttime="20230516 22:02:34.695" endtime="20230516 22:02:34.701"/>
</kw>
<kw name="Image Url" library="FakerLibrary">
<var>${Img}</var>
<arg>width=100</arg>
<arg>height=100</arg>
<doc>Returns URL to placeholder image
Example: http://placehold.it/640x480</doc>
<msg timestamp="20230516 22:02:34.709" level="INFO">${Img} = https://dummyimage.com/100x100</msg>
<status status="PASS" starttime="20230516 22:02:34.703" endtime="20230516 22:02:34.711"/>
</kw>
<kw name="Input Text" library="SeleniumLibrary">
<arg>${CAMPO_NOME}</arg>
<arg>${Nome}</arg>
<doc>Types the given ``text`` into the text field identified by ``locator``.</doc>
<msg timestamp="20230516 22:02:34.718" level="INFO">Typing text 'Vitor' into text field 'id:form-nome'.</msg>
<status status="PASS" starttime="20230516 22:02:34.712" endtime="20230516 22:02:34.777"/>
</kw>
<kw name="Input Text" library="SeleniumLibrary">
<arg>${CAMPO_CARGO}</arg>
<arg>${Cargo}</arg>
<doc>Types the given ``text`` into the text field identified by ``locator``.</doc>
<msg timestamp="20230516 22:02:34.778" level="INFO">Typing text 'Dentista' into text field 'id:form-cargo'.</msg>
<status status="PASS" starttime="20230516 22:02:34.778" endtime="20230516 22:02:34.808"/>
</kw>
<kw name="Input Text" library="SeleniumLibrary">
<arg>${CAMPO_IMAGE}</arg>
<arg>${Img}</arg>
<doc>Types the given ``text`` into the text field identified by ``locator``.</doc>
<msg timestamp="20230516 22:02:34.809" level="INFO">Typing text 'https://dummyimage.com/100x100' into text field 'id:form-imagem'.</msg>
<status status="PASS" starttime="20230516 22:02:34.808" endtime="20230516 22:02:34.862"/>
</kw>
<kw name="Click Element" library="SeleniumLibrary">
<arg>${CAMPO_TIME}</arg>
<doc>Click the element identified by ``locator``.</doc>
<msg timestamp="20230516 22:02:34.863" level="INFO">Clicking element 'class:lista-suspensa'.</msg>
<status status="PASS" starttime="20230516 22:02:34.862" endtime="20230516 22:02:35.125"/>
</kw>
<kw name="Click Element" library="SeleniumLibrary">
<arg>${selecionar_times}[0]</arg>
<doc>Click the element identified by ``locator``.</doc>
<msg timestamp="20230516 22:02:35.128" level="INFO">Clicking element '//option[contains(., 'Programação')]'.</msg>
<status status="PASS" starttime="20230516 22:02:35.126" endtime="20230516 22:02:35.412"/>
</kw>
<status status="PASS" starttime="20230516 22:02:34.691" endtime="20230516 22:02:35.413"/>
</kw>
<kw name="Click Element" library="SeleniumLibrary">
<arg>${time}</arg>
<doc>Click the element identified by ``locator``.</doc>
<msg timestamp="20230516 22:02:35.419" level="INFO">Clicking element '//option[contains(., 'Mobile')]'.</msg>
<status status="PASS" starttime="20230516 22:02:35.414" endtime="20230516 22:02:35.676"/>
</kw>
<kw name="E clique no botão criar card" library="cadastro">
<kw name="Click Element" library="SeleniumLibrary">
<arg>${CAMPO_CARD}</arg>
<doc>Click the element identified by ``locator``.</doc>
<msg timestamp="20230516 22:02:35.684" level="INFO">Clicking element 'id:form-botao'.</msg>
<status status="PASS" starttime="20230516 22:02:35.680" endtime="20230516 22:02:35.963"/>
</kw>
<status status="PASS" starttime="20230516 22:02:35.677" endtime="20230516 22:02:35.965"/>
</kw>
<status status="PASS" starttime="20230516 22:02:34.690" endtime="20230516 22:02:35.966"/>
</iter>
<iter>
<var name="${indice}">6</var>
<var name="${time}">//option[contains(., 'Inovação')]</var>
<kw name="Dado que preencha os campos do formulario" library="cadastro">
<kw name="First Name" library="FakerLibrary">
<var>${Nome}</var>
<msg timestamp="20230516 22:02:35.972" level="INFO">${Nome} = Sarah</msg>
<status status="PASS" starttime="20230516 22:02:35.970" endtime="20230516 22:02:35.972"/>
</kw>
<kw name="Job" library="FakerLibrary">
<var>${Cargo}</var>
<msg timestamp="20230516 22:02:35.977" level="INFO">${Cargo} = Caça-talentos/Olheiro</msg>
<status status="PASS" starttime="20230516 22:02:35.973" endtime="20230516 22:02:35.979"/>
</kw>
<kw name="Image Url" library="FakerLibrary">
<var>${Img}</var>
<arg>width=100</arg>
<arg>height=100</arg>
<doc>Returns URL to placeholder image
Example: http://placehold.it/640x480</doc>
<msg timestamp="20230516 22:02:35.988" level="INFO">${Img} = https://placekitten.com/100/100</msg>
<status status="PASS" starttime="20230516 22:02:35.980" endtime="20230516 22:02:35.992"/>
</kw>
<kw name="Input Text" library="SeleniumLibrary">
<arg>${CAMPO_NOME}</arg>
<arg>${Nome}</arg>
<doc>Types the given ``text`` into the text field identified by ``locator``.</doc>
<msg timestamp="20230516 22:02:35.996" level="INFO">Typing text 'Sarah' into text field 'id:form-nome'.</msg>
<status status="PASS" starttime="20230516 22:02:35.993" endtime="20230516 22:02:36.040"/>
</kw>
<kw name="Input Text" library="SeleniumLibrary">
<arg>${CAMPO_CARGO}</arg>
<arg>${Cargo}</arg>
<doc>Types the given ``text`` into the text field identified by ``locator``.</doc>
<msg timestamp="20230516 22:02:36.042" level="INFO">Typing text 'Caça-talentos/Olheiro' into text field 'id:form-cargo'.</msg>
<status status="PASS" starttime="20230516 22:02:36.040" endtime="20230516 22:02:36.110"/>
</kw>
<kw name="Input Text" library="SeleniumLibrary">
<arg>${CAMPO_IMAGE}</arg>
<arg>${Img}</arg>
<doc>Types the given ``text`` into the text field identified by ``locator``.</doc>
<msg timestamp="20230516 22:02:36.111" level="INFO">Typing text 'https://placekitten.com/100/100' into text field 'id:form-imagem'.</msg>
<status status="PASS" starttime="20230516 22:02:36.110" endtime="20230516 22:02:36.188"/>
</kw>
<kw name="Click Element" library="SeleniumLibrary">
<arg>${CAMPO_TIME}</arg>
<doc>Click the element identified by ``locator``.</doc>
<msg timestamp="20230516 22:02:36.189" level="INFO">Clicking element 'class:lista-suspensa'.</msg>
<status status="PASS" starttime="20230516 22:02:36.188" endtime="20230516 22:02:36.444"/>
</kw>
<kw name="Click Element" library="SeleniumLibrary">
<arg>${selecionar_times}[0]</arg>
<doc>Click the element identified by ``locator``.</doc>
<msg timestamp="20230516 22:02:36.448" level="INFO">Clicking element '//option[contains(., 'Programação')]'.</msg>
<status status="PASS" starttime="20230516 22:02:36.445" endtime="20230516 22:02:36.689"/>
</kw>
<status status="PASS" starttime="20230516 22:02:35.969" endtime="20230516 22:02:36.690"/>
</kw>
<kw name="Click Element" library="SeleniumLibrary">
<arg>${time}</arg>
<doc>Click the element identified by ``locator``.</doc>
<msg timestamp="20230516 22:02:36.694" level="INFO">Clicking element '//option[contains(., 'Inovação')]'.</msg>
<status status="PASS" starttime="20230516 22:02:36.691" endtime="20230516 22:02:36.929"/>
</kw>
<kw name="E clique no botão criar card" library="cadastro">
<kw name="Click Element" library="SeleniumLibrary">
<arg>${CAMPO_CARD}</arg>
<doc>Click the element identified by ``locator``.</doc>
<msg timestamp="20230516 22:02:36.937" level="INFO">Clicking element 'id:form-botao'.</msg>
<status status="PASS" starttime="20230516 22:02:36.935" endtime="20230516 22:02:37.175"/>
</kw>
<status status="PASS" starttime="20230516 22:02:36.931" endtime="20230516 22:02:37.176"/>
</kw>
<status status="PASS" starttime="20230516 22:02:35.967" endtime="20230516 22:02:37.177"/>
</iter>
<status status="PASS" starttime="20230516 22:02:28.626" endtime="20230516 22:02:37.178"/>
</for>
<kw name="Sleep" library="BuiltIn">
<arg>10s</arg>
<doc>Pauses the test executed for the given time.</doc>
<msg timestamp="20230516 22:02:47.180" level="INFO">Slept 10 seconds</msg>
<status status="PASS" starttime="20230516 22:02:37.179" endtime="20230516 22:02:47.181"/>
</kw>
<status status="PASS" starttime="20230516 22:02:28.625" endtime="20230516 22:02:47.181"/>
</kw>
<kw name="Fechar o navegador" library="setup_teardown" type="TEARDOWN">
<kw name="Close Browser" library="SeleniumLibrary">
<doc>Closes the current browser.</doc>
<status status="PASS" starttime="20230516 22:02:47.184" endtime="20230516 22:02:49.842"/>
</kw>
<status status="PASS" starttime="20230516 22:02:47.183" endtime="20230516 22:02:49.842"/>
</kw>
<status status="PASS" starttime="20230516 22:02:21.700" endtime="20230516 22:02:49.843"/>
</test>
<status status="PASS" starttime="20230516 22:01:48.000" endtime="20230516 22:02:49.845"/>
</suite>
<status status="PASS" starttime="20230516 22:01:47.996" endtime="20230516 22:02:49.851"/>
</suite>
<status status="PASS" starttime="20230516 22:01:47.949" endtime="20230516 22:02:49.856"/>
</suite>
<statistics>
<total>
<stat pass="3" fail="0" skip="0">All Tests</stat>
</total>
<tag>
</tag>
<suite>
<stat pass="3" fail="0" skip="0" id="s1" name="CURSO-ROBOT">CURSO-ROBOT</stat>
<stat pass="3" fail="0" skip="0" id="s1-s1" name="Testes">CURSO-ROBOT.Testes</stat>
<stat pass="3" fail="0" skip="0" id="s1-s1-s1" name="Preenchimento Correto">CURSO-ROBOT.Testes.Preenchimento Correto</stat>
</suite>
</statistics>
<errors>
</errors>
</robot>
